mode: set
BE-REPO-20/features/admin/service/logic_admin.go:9.79,13.2 1 1
BE-REPO-20/features/admin/service/logic_admin.go:16.74,18.2 1 1
BE-REPO-20/features/admin/service/logic_admin.go:21.77,27.2 2 1
BE-REPO-20/features/admin/service/logic_admin.go:30.93,33.16 2 1
BE-REPO-20/features/admin/service/logic_admin.go:33.16,35.3 1 0
BE-REPO-20/features/admin/service/logic_admin.go:38.2,38.23 1 1
BE-REPO-20/features/admin/service/logic_admin.go:38.23,40.3 1 1
BE-REPO-20/features/admin/service/logic_admin.go:42.2,42.21 1 1
BE-REPO-20/features/admin/service/logic_admin.go:46.83,49.16 2 1
BE-REPO-20/features/admin/service/logic_admin.go:49.16,52.3 1 0
BE-REPO-20/features/admin/service/logic_admin.go:53.2,53.24 1 1
BE-REPO-20/features/admin/service/logic_admin.go:57.99,60.16 2 1
BE-REPO-20/features/admin/service/logic_admin.go:60.16,62.3 1 0
BE-REPO-20/features/admin/service/logic_admin.go:65.2,65.23 1 1
BE-REPO-20/features/admin/service/logic_admin.go:65.23,67.3 1 1
BE-REPO-20/features/admin/service/logic_admin.go:69.2,69.21 1 1
BE-REPO-20/features/auth/service/logic_user.go:18.98,24.2 1 1
BE-REPO-20/features/auth/service/logic_user.go:26.106,28.24 2 1
BE-REPO-20/features/auth/service/logic_user.go:28.24,30.3 1 0
BE-REPO-20/features/auth/service/logic_user.go:32.2,32.26 1 1
BE-REPO-20/features/auth/service/logic_user.go:32.26,34.21 2 1
BE-REPO-20/features/auth/service/logic_user.go:34.21,36.4 1 0
BE-REPO-20/features/auth/service/logic_user.go:37.3,37.30 1 1
BE-REPO-20/features/auth/service/logic_user.go:40.2,41.34 2 1
BE-REPO-20/features/auth/service/logic_user.go:44.113,45.35 1 1
BE-REPO-20/features/auth/service/logic_user.go:45.35,47.3 1 0
BE-REPO-20/features/auth/service/logic_user.go:49.2,50.16 2 1
BE-REPO-20/features/auth/service/logic_user.go:50.16,52.3 1 1
BE-REPO-20/features/auth/service/logic_user.go:53.2,54.14 2 1
BE-REPO-20/features/auth/service/logic_user.go:54.14,56.3 1 1
BE-REPO-20/features/auth/service/logic_user.go:58.2,59.19 2 1
BE-REPO-20/features/auth/service/logic_user.go:59.19,61.3 1 0
BE-REPO-20/features/auth/service/logic_user.go:62.2,62.25 1 1
BE-REPO-20/features/auth/service/logic_user.go:65.89,67.24 2 1
BE-REPO-20/features/auth/service/logic_user.go:67.24,69.3 1 0
BE-REPO-20/features/auth/service/logic_user.go:71.2,71.26 1 1
BE-REPO-20/features/auth/service/logic_user.go:71.26,73.21 2 1
BE-REPO-20/features/auth/service/logic_user.go:73.21,75.4 1 1
BE-REPO-20/features/auth/service/logic_user.go:76.3,76.30 1 1
BE-REPO-20/features/auth/service/logic_user.go:79.2,80.12 2 1
BE-REPO-20/features/cart/service/logic_cart.go:11.71,15.2 1 1
BE-REPO-20/features/cart/service/logic_cart.go:17.82,20.2 2 1
BE-REPO-20/features/cart/service/logic_cart.go:22.59,25.2 2 1
BE-REPO-20/features/cart/service/logic_cart.go:27.68,30.2 2 1
BE-REPO-20/features/order/service/logic_order.go:17.76,21.2 1 1
BE-REPO-20/features/order/service/logic_order.go:24.104,25.17 1 1
BE-REPO-20/features/order/service/logic_order.go:25.17,27.3 1 1
BE-REPO-20/features/order/service/logic_order.go:29.2,37.16 8 1
BE-REPO-20/features/order/service/logic_order.go:37.16,39.3 1 0
BE-REPO-20/features/order/service/logic_order.go:43.2,43.17 1 1
BE-REPO-20/features/order/service/logic_order.go:47.81,49.16 2 1
BE-REPO-20/features/order/service/logic_order.go:49.16,51.3 1 0
BE-REPO-20/features/order/service/logic_order.go:52.2,52.21 1 1
BE-REPO-20/features/order/service/logic_order.go:56.103,57.28 1 1
BE-REPO-20/features/order/service/logic_order.go:57.28,59.3 1 0
BE-REPO-20/features/order/service/logic_order.go:61.2,62.12 2 1
BE-REPO-20/features/order/service/logic_order.go:65.83,66.26 1 1
BE-REPO-20/features/order/service/logic_order.go:66.26,68.3 1 1
BE-REPO-20/features/order/service/logic_order.go:70.2,71.16 2 1
BE-REPO-20/features/order/service/logic_order.go:71.16,73.3 1 0
BE-REPO-20/features/order/service/logic_order.go:75.2,75.12 1 1
BE-REPO-20/features/product/service/logic_product.go:13.84,17.2 1 1
BE-REPO-20/features/product/service/logic_product.go:20.107,24.2 3 1
BE-REPO-20/features/product/service/logic_product.go:27.90,30.16 3 1
BE-REPO-20/features/product/service/logic_product.go:30.16,32.3 1 0
BE-REPO-20/features/product/service/logic_product.go:33.2,33.18 1 1
BE-REPO-20/features/product/service/logic_product.go:37.91,38.22 1 1
BE-REPO-20/features/product/service/logic_product.go:38.22,40.3 1 1
BE-REPO-20/features/product/service/logic_product.go:41.2,41.22 1 1
BE-REPO-20/features/product/service/logic_product.go:41.22,43.3 1 1
BE-REPO-20/features/product/service/logic_product.go:44.2,44.25 1 1
BE-REPO-20/features/product/service/logic_product.go:44.25,46.3 1 1
BE-REPO-20/features/product/service/logic_product.go:47.2,47.26 1 1
BE-REPO-20/features/product/service/logic_product.go:47.26,49.3 1 1
BE-REPO-20/features/product/service/logic_product.go:51.2,52.16 2 1
BE-REPO-20/features/product/service/logic_product.go:52.16,54.3 1 0
BE-REPO-20/features/product/service/logic_product.go:55.2,55.12 1 1
BE-REPO-20/features/product/service/logic_product.go:59.100,61.16 2 1
BE-REPO-20/features/product/service/logic_product.go:61.16,63.3 1 0
BE-REPO-20/features/product/service/logic_product.go:65.2,65.18 1 1
BE-REPO-20/features/product/service/logic_product.go:69.117,71.16 2 1
BE-REPO-20/features/product/service/logic_product.go:71.16,73.3 1 0
BE-REPO-20/features/product/service/logic_product.go:74.2,74.18 1 1
BE-REPO-20/features/product/service/logic_product.go:78.103,79.13 1 1
BE-REPO-20/features/product/service/logic_product.go:79.13,81.3 1 0
BE-REPO-20/features/product/service/logic_product.go:83.2,84.12 2 1
BE-REPO-20/features/product/service/logic_product.go:88.76,89.13 1 1
BE-REPO-20/features/product/service/logic_product.go:89.13,91.3 1 0
BE-REPO-20/features/product/service/logic_product.go:92.2,93.12 2 1
BE-REPO-20/features/product/service/logic_product.go:96.135,97.13 1 1
BE-REPO-20/features/product/service/logic_product.go:97.13,99.3 1 0
BE-REPO-20/features/product/service/logic_product.go:101.2,102.12 2 1
BE-REPO-20/features/product/service/logic_product.go:105.95,106.18 1 1
BE-REPO-20/features/product/service/logic_product.go:106.18,108.3 1 1
BE-REPO-20/features/product/service/logic_product.go:110.2,111.12 2 1
